2015/01/19 10:50:05 [error] [exception.RedBean_Exception_SQL] [42] - SQLSTATE[42S22]: Column not found: 1054 Unknown column 'account_id' in 'where clause'
REQUEST_URI=/zurmo/app/index.php/accounts/default/details?id=1&stickyOffset=0
HTTP_REFERER=http://localhost/zurmo/app/index.php/accounts/default
---
2015/01/19 10:51:10 [error] [exception.RedBean_Exception_SQL] [42] - SQLSTATE[42S22]: Column not found: 1054 Unknown column 'account_id' in 'where clause'
REQUEST_URI=/zurmo/app/index.php/accounts/default/details?id=1&stickyOffset=0
HTTP_REFERER=http://localhost/zurmo/app/index.php/accounts/default?clearCache=1
---
2015/01/19 10:51:21 [error] [exception.RedBean_Exception_SQL] [42] - SQLSTATE[42S22]: Column not found: 1054 Unknown column 'account_id' in 'where clause'
REQUEST_URI=/zurmo/app/index.php/accounts/default/details?id=1&stickyOffset=0&clearCache
---
2015/01/19 10:51:31 [error] [exception.RedBean_Exception_SQL] [42] - SQLSTATE[42S22]: Column not found: 1054 Unknown column 'account_id' in 'where clause'
REQUEST_URI=/zurmo/app/index.php/accounts/default/details?id=1&stickyOffset=0&clearCache=1
---
2015/01/19 10:51:51 [error] [exception.RedBean_Exception_SQL] [42] - SQLSTATE[42S22]: Column not found: 1054 Unknown column 'account_id' in 'where clause'
REQUEST_URI=/zurmo/app/index.php/accounts/default/details?id=1&stickyOffset=0&clearCache
---
2015/01/19 10:51:56 [error] [exception.RedBean_Exception_SQL] [42] - SQLSTATE[42S22]: Column not found: 1054 Unknown column 'account_id' in 'where clause'
REQUEST_URI=/zurmo/app/index.php/accounts/default/details?id=1&stickyOffset=0
HTTP_REFERER=http://localhost/zurmo/app/index.php/accounts/default?clearCache=1
---
2015/01/19 10:52:19 [error] [exception.RedBean_Exception_SQL] [42] - SQLSTATE[42S22]: Column not found: 1054 Unknown column 'account_id' in 'where clause'
REQUEST_URI=/zurmo/app/index.php/accounts/default/details?id=1&stickyOffset=0
HTTP_REFERER=http://localhost/zurmo/app/index.php/accounts/default
---
2015/01/19 10:53:24 [error] [exception.RedBean_Exception_SQL] [42] - SQLSTATE[42S22]: Column not found: 1054 Unknown column 'account_id' in 'where clause'
REQUEST_URI=/zurmo/app/index.php/accounts/default/details?id=1&stickyOffset=0
HTTP_REFERER=http://localhost/zurmo/app/index.php/accounts/default
---
2015/01/19 10:58:20 [error] [exception.RedBean_Exception_SQL] [42] - SQLSTATE[42S22]: Column not found: 1054 Unknown column 'account_id' in 'where clause'
REQUEST_URI=/zurmo/app/index.php/accounts/default/details?id=1&stickyOffset=0
HTTP_REFERER=http://localhost/zurmo/app/index.php/accounts/default
---
2015/01/19 11:00:10 [error] [exception.RedBean_Exception_SQL] [42] - SQLSTATE[42S22]: Column not found: 1054 Unknown column 'account_id' in 'where clause'
REQUEST_URI=/zurmo/app/index.php/accounts/default/details?id=1&stickyOffset=0
HTTP_REFERER=http://localhost/zurmo/app/index.php/accounts/default
---
2015/01/20 02:26:04 [error] [exception.RedBean_Exception_SQL] [42] - SQLSTATE[42S22]: Column not found: 1054 Unknown column 'account_id' in 'where clause'
REQUEST_URI=/zurmo/app/index.php/accounts/default/details?id=1&stickyOffset=0
HTTP_REFERER=http://localhost/zurmo/app/index.php/accounts/default
---
2015/01/20 02:27:02 [error] [exception.RedBean_Exception_SQL] [42] - SQLSTATE[42S22]: Column not found: 1054 Unknown column 'contact_id' in 'where clause'
REQUEST_URI=/zurmo/app/index.php/leads/default/details?id=1
HTTP_REFERER=http://localhost/zurmo/app/index.php/leads/default/create
---
2015/01/20 02:27:28 [error] [exception.RedBean_Exception_SQL] [42] - SQLSTATE[42S22]: Column not found: 1054 Unknown column 'account_id' in 'where clause'
REQUEST_URI=/zurmo/app/index.php/accounts/default/details?id=1&stickyOffset=0
HTTP_REFERER=http://localhost/zurmo/app/index.php/accounts/default
---
2015/01/20 02:28:08 [error] [exception.RedBean_Exception_SQL] [42] - SQLSTATE[42S22]: Column not found: 1054 Unknown column 'contact_id' in 'where clause'
REQUEST_URI=/zurmo/app/index.php/leads/default/details?id=1&stickyOffset=0
HTTP_REFERER=http://localhost/zurmo/app/index.php/leads/default
---
2015/01/20 03:28:22 [error] [exception.RedBean_Exception_SQL] [42] - SQLSTATE[42S22]: Column not found: 1054 Unknown column 'account_id' in 'where clause'
REQUEST_URI=/zurmo/app/index.php/accounts/default/details?id=1&stickyOffset=0
HTTP_REFERER=http://localhost/zurmo/app/index.php/accounts/default
---
